<?xml version="1.0" encoding="UTF-8" ?>
<testsuite errors="0" failures="0" hostname="DESKTOP-1BB2U3H" name="ca.mcgill.ecse321.tamas.application.AllTests" skipped="0" tests="87" time="1.218" timestamp="2017-04-09T23:45:40">
  <properties>
[...]
</properties>
  <testcase classname="ca.mcgill.ecse321.tamas.controller.DepartmentControllerTest" name="testNullInstructor" time="0.031" />
  <testcase classname="ca.mcgill.ecse321.tamas.controller.DepartmentControllerTest" name="hireStudentInitialDepTestSuccess" time="0.094" />
  <testcase classname="ca.mcgill.ecse321.tamas.controller.DepartmentControllerTest" name="testPostJobTooMany" time="0.015" />
  <testcase classname="ca.mcgill.ecse321.tamas.controller.DepartmentControllerTest" name="testCreateStudentSuccess" time="0.016" />
  <testcase classname="ca.mcgill.ecse321.tamas.controller.DepartmentControllerTest" name="testInvalidGradWage" time="0.0" />
  <testcase classname="ca.mcgill.ecse321.tamas.controller.DepartmentControllerTest" name="testCreateAJobSuccess" time="0.016" />
  <testcase classname="ca.mcgill.ecse321.tamas.controller.DepartmentControllerTest" name="testCreateAJobCourseDuplicate" time="0.0" />
  <testcase classname="ca.mcgill.ecse321.tamas.controller.DepartmentControllerTest" name="testCreateAJobNoBudget" time="0.0" />
  <testcase classname="ca.mcgill.ecse321.tamas.controller.DepartmentControllerTest" name="approveAllAllocationsSuccess" time="0.0" />
  <testcase classname="ca.mcgill.ecse321.tamas.controller.DepartmentControllerTest" name="testInvalidPosition" time="0.0" />
  <testcase classname="ca.mcgill.ecse321.tamas.controller.DepartmentControllerTest" name="testNullStartAddJobPosting" time="0.0" />
  <testcase classname="ca.mcgill.ecse321.tamas.controller.DepartmentControllerTest" name="testStartEqualsEndAddJobPosting" time="0.0" />
  <testcase classname="ca.mcgill.ecse321.tamas.controller.DepartmentControllerTest" name="initialAllocationStudentNull" time="0.0" />
  <testcase classname="ca.mcgill.ecse321.tamas.controller.DepartmentControllerTest" name="testGetApprovedStudentNullCourse" time="0.0" />
  <testcase classname="ca.mcgill.ecse321.tamas.controller.DepartmentControllerTest" name="getJobPostingTestSuccess" time="0.0" />
  <testcase classname="ca.mcgill.ecse321.tamas.controller.DepartmentControllerTest" name="initialAllocationDateNull" time="0.0" />
  <testcase classname="ca.mcgill.ecse321.tamas.controller.DepartmentControllerTest" name="testDeadlineAfterStartOrEndAddJobPosting" time="0.0" />
  <testcase classname="ca.mcgill.ecse321.tamas.controller.DepartmentControllerTest" name="testCreateStudentEmpty" time="0.0" />
  <testcase classname="ca.mcgill.ecse321.tamas.controller.DepartmentControllerTest" name="testAllGetters" time="0.0" />
  <testcase classname="ca.mcgill.ecse321.tamas.controller.DepartmentControllerTest" name="initialAllocationSuccess" time="0.0" />
  <testcase classname="ca.mcgill.ecse321.tamas.controller.DepartmentControllerTest" name="approveFinalAllocationSuccess" time="0.016" />
  <testcase classname="ca.mcgill.ecse321.tamas.controller.DepartmentControllerTest" name="testCreateStudentNull" time="0.0" />
  <testcase classname="ca.mcgill.ecse321.tamas.controller.DepartmentControllerTest" name="testGetApprovedStudentSuccess" time="0.0" />
  <testcase classname="ca.mcgill.ecse321.tamas.controller.DepartmentControllerTest" name="testStartAfterEndAddJobPosting" time="0.0" />
  <testcase classname="ca.mcgill.ecse321.tamas.controller.DepartmentControllerTest" name="testNullDeadlineAddJobPosting" time="0.0" />
  <testcase classname="ca.mcgill.ecse321.tamas.controller.DepartmentControllerTest" name="initialAllocationStudentNotRegistered" time="0.0" />
  <testcase classname="ca.mcgill.ecse321.tamas.controller.DepartmentControllerTest" name="approveFinalAllocationNoReg" time="0.0" />
  <testcase classname="ca.mcgill.ecse321.tamas.controller.DepartmentControllerTest" name="testEmptyDescriptionAddJobPosting" time="0.0" />
  <testcase classname="ca.mcgill.ecse321.tamas.controller.DepartmentControllerTest" name="testInvalidHours" time="0.0" />
  <testcase classname="ca.mcgill.ecse321.tamas.controller.DepartmentControllerTest" name="testInvalidUGradWage" time="0.0" />
  <testcase classname="ca.mcgill.ecse321.tamas.controller.DepartmentControllerTest" name="inialAllocationDateError" time="0.015" />
  <testcase classname="ca.mcgill.ecse321.tamas.controller.DepartmentControllerTest" name="testCreateAJobIDNull" time="0.0" />
  <testcase classname="ca.mcgill.ecse321.tamas.controller.DepartmentControllerTest" name="testNullEndAddJobPosting" time="0.0" />
  <testcase classname="ca.mcgill.ecse321.tamas.controller.DepartmentControllerTest" name="testPostJobSuccess" time="0.016" />
  <testcase classname="ca.mcgill.ecse321.tamas.controller.DepartmentControllerTest" name="initalAllocationJobNull" time="0.0" />
  <testcase classname="ca.mcgill.ecse321.tamas.controller.DepartmentControllerTest" name="testNoInstructorAddJobPosting" time="0.0" />
  <testcase classname="ca.mcgill.ecse321.tamas.persistence.TestPersistence" name="test" time="0.047" />
  <testcase classname="ca.mcgill.ecse321.tamas.controller.StudentDepartmentControllerTest" name="testAcceptJobOfferNotStudentsJob" time="0.015" />
  <testcase classname="ca.mcgill.ecse321.tamas.controller.StudentDepartmentControllerTest" name="testViewOwnEvaluationsNoEvaluations" time="0.0" />
  <testcase classname="ca.mcgill.ecse321.tamas.controller.StudentDepartmentControllerTest" name="testAcceptJobOfferJobIsNotOffered" time="0.0" />
  <testcase classname="ca.mcgill.ecse321.tamas.controller.StudentDepartmentControllerTest" name="testViewOwnEvaluationsSuccess" time="0.0" />
  <testcase classname="ca.mcgill.ecse321.tamas.controller.StudentDepartmentControllerTest" name="testApplyForAJobEmailEmpty" time="0.0" />
  <testcase classname="ca.mcgill.ecse321.tamas.controller.StudentDepartmentControllerTest" name="testDeclineJobOfferNotStudentsJob" time="0.0" />
  <testcase classname="ca.mcgill.ecse321.tamas.controller.StudentDepartmentControllerTest" name="testApplyForAJobPassedDeadline" time="0.0" />
  <testcase classname="ca.mcgill.ecse321.tamas.controller.StudentDepartmentControllerTest" name="testApplyForAJobExperienceNull" time="0.0" />
  <testcase classname="ca.mcgill.ecse321.tamas.controller.StudentDepartmentControllerTest" name="testAcceptJobOfferSuccess" time="0.0" />
  <testcase classname="ca.mcgill.ecse321.tamas.controller.StudentDepartmentControllerTest" name="testViewOwnApplicationSuccess" time="0.0" />
  <testcase classname="ca.mcgill.ecse321.tamas.controller.StudentDepartmentControllerTest" name="testViewOwnEmploymentSuccess" time="0.0" />
  <testcase classname="ca.mcgill.ecse321.tamas.controller.StudentDepartmentControllerTest" name="testApplyForAJobStudentNull" time="0.0" />
  <testcase classname="ca.mcgill.ecse321.tamas.controller.StudentDepartmentControllerTest" name="testCancelApplicationNotStudentApplication" time="0.0" />
  <testcase classname="ca.mcgill.ecse321.tamas.controller.StudentDepartmentControllerTest" name="testApplyForAJobExperienceEmpty" time="0.0" />
  <testcase classname="ca.mcgill.ecse321.tamas.controller.StudentDepartmentControllerTest" name="testCancelApplicationNullApllication" time="0.0" />
  <testcase classname="ca.mcgill.ecse321.tamas.controller.StudentDepartmentControllerTest" name="testApplyForAJobDuplicatePreference" time="0.016" />
  <testcase classname="ca.mcgill.ecse321.tamas.controller.StudentDepartmentControllerTest" name="testDeclineJobOfferSuccess" time="0.0" />
  <testcase classname="ca.mcgill.ecse321.tamas.controller.StudentDepartmentControllerTest" name="testApplyForAJobDuplicateApplication" time="0.0" />
  <testcase classname="ca.mcgill.ecse321.tamas.controller.StudentDepartmentControllerTest" name="testApplyForAJobEmailNull" time="0.0" />
  <testcase classname="ca.mcgill.ecse321.tamas.controller.StudentDepartmentControllerTest" name="testCancelApplicationSuccess" time="0.0" />
  <testcase classname="ca.mcgill.ecse321.tamas.controller.StudentDepartmentControllerTest" name="testApplyForAJobSuccess" time="0.0" />
  <testcase classname="ca.mcgill.ecse321.tamas.controller.StudentDepartmentControllerTest" name="testDeclineJobOfferJobIsNotOffered" time="0.0" />
  <testcase classname="ca.mcgill.ecse321.tamas.controller.InstructorDepartmentControllerTest" name="getApplicationTestNoApplication" time="0.031" />
  <testcase classname="ca.mcgill.ecse321.tamas.controller.InstructorDepartmentControllerTest" name="writeEvaluatuationInstructorNull" time="0.0" />
  <testcase classname="ca.mcgill.ecse321.tamas.controller.InstructorDepartmentControllerTest" name="getApplicationTestNullStudent" time="0.0" />
  <testcase classname="ca.mcgill.ecse321.tamas.controller.InstructorDepartmentControllerTest" name="writeEvaluatuationStudentNull" time="0.0" />
  <testcase classname="ca.mcgill.ecse321.tamas.controller.InstructorDepartmentControllerTest" name="writeEvaluatuationDescriptionEmpty" time="0.0" />
  <testcase classname="ca.mcgill.ecse321.tamas.controller.InstructorDepartmentControllerTest" name="writeEvaluatuationDescriptionNull" time="0.0" />
  <testcase classname="ca.mcgill.ecse321.tamas.controller.InstructorDepartmentControllerTest" name="modifyAllocationTestNoWage" time="0.0" />
  <testcase classname="ca.mcgill.ecse321.tamas.controller.InstructorDepartmentControllerTest" name="writeEvaluatuationSuccess" time="0.016" />
  <testcase classname="ca.mcgill.ecse321.tamas.controller.InstructorDepartmentControllerTest" name="getInstructorPostingTest" time="0.0" />
  <testcase classname="ca.mcgill.ecse321.tamas.controller.InstructorDepartmentControllerTest" name="viewEvaluationNoEvals" time="0.0" />
  <testcase classname="ca.mcgill.ecse321.tamas.controller.InstructorDepartmentControllerTest" name="deleteJobPostingTestNoPosting" time="0.0" />
  <testcase classname="ca.mcgill.ecse321.tamas.controller.InstructorDepartmentControllerTest" name="modifyAllocationTestNoHours" time="0.0" />
  <testcase classname="ca.mcgill.ecse321.tamas.controller.InstructorDepartmentControllerTest" name="viewEvaluationSuccess" time="0.0" />
  <testcase classname="ca.mcgill.ecse321.tamas.controller.InstructorDepartmentControllerTest" name="modifyAllocationTestSuccess" time="0.015" />
  <testcase classname="ca.mcgill.ecse321.tamas.controller.InstructorDepartmentControllerTest" name="getStudentsWithJobsTestSuccess" time="0.0" />
  <testcase classname="ca.mcgill.ecse321.tamas.controller.InstructorDepartmentControllerTest" name="removeInstructorPostingNoInstructor" time="0.0" />
  <testcase classname="ca.mcgill.ecse321.tamas.controller.InstructorDepartmentControllerTest" name="viewEvaluationNoInstructor" time="0.0" />
  <testcase classname="ca.mcgill.ecse321.tamas.controller.InstructorDepartmentControllerTest" name="removeInstructorPostingTest" time="0.0" />
  <testcase classname="ca.mcgill.ecse321.tamas.controller.InstructorDepartmentControllerTest" name="testRejectStudentSuccess" time="0.0" />
  <testcase classname="ca.mcgill.ecse321.tamas.controller.InstructorDepartmentControllerTest" name="getApplicationTestEmptyStudent" time="0.0" />
  <testcase classname="ca.mcgill.ecse321.tamas.controller.InstructorDepartmentControllerTest" name="getApplicationTestSuccess" time="0.0" />
  <testcase classname="ca.mcgill.ecse321.tamas.controller.InstructorDepartmentControllerTest" name="modifyAllocationTestNoPermission" time="0.0" />
  <testcase classname="ca.mcgill.ecse321.tamas.controller.InstructorDepartmentControllerTest" name="getInstructorPostingInstructorNotExisting" time="0.0" />
  <testcase classname="ca.mcgill.ecse321.tamas.controller.InstructorDepartmentControllerTest" name="deleteJobPostingTestSuccess" time="0.0" />
  <testcase classname="ca.mcgill.ecse321.tamas.controller.InstructorDepartmentControllerTest" name="viewEvaluationNoStudent" time="0.0" />
  <testcase classname="ca.mcgill.ecse321.tamas.controller.InstructorDepartmentControllerTest" name="getApprovedStudentsTestSuccess" time="0.0" />
  <testcase classname="ca.mcgill.ecse321.tamas.controller.InstructorDepartmentControllerTest" name="removeInstructorPostingNoPosting" time="0.0" />
  <testcase classname="ca.mcgill.ecse321.tamas.controller.InstructorDepartmentControllerTest" name="modifyAllocationTestNoStudent" time="0.0" />
  <system-out><![CDATA[]]></system-out>
  <system-err><![CDATA[]]></system-err>
</testsuite>
